<!DOCTYPE html>
<!--[if IE 8]><html class="no-js lt-ie9" lang="en" > <![endif]-->
<!--[if gt IE 8]><!--> <html class="no-js" lang="en" > <!--<![endif]-->
<head>
  <meta charset="utf-8">
  <meta http-equiv="X-UA-Compatible" content="IE=edge">
  <meta name="viewport" content="width=device-width, initial-scale=1.0">
  
  <meta name="author" content="PG-Strom Development Team">
  
  <link rel="shortcut icon" href="../img/favicon.ico">
  <title>基本的な操作 - PG-Strom Manual</title>
  <link rel="stylesheet" href="https://fonts.googleapis.com/css?family=Lato:400,700|Roboto+Slab:400,700|Inconsolata:400,700" />

  <link rel="stylesheet" href="../css/theme.css" />
  <link rel="stylesheet" href="../css/theme_extra.css" />
  <link rel="stylesheet" href="https://cdnjs.cloudflare.com/ajax/libs/highlight.js/9.12.0/styles/github.min.css" />
  <link href="//fonts.googleapis.com/earlyaccess/notosansjp.css" rel="stylesheet" />
  <link href="//fonts.googleapis.com/css?family=Open+Sans:600,800" rel="stylesheet" />
  <link href="../custom.css" rel="stylesheet" />
  
  <script>
    // Current page data
    var mkdocs_page_name = "\u57fa\u672c\u7684\u306a\u64cd\u4f5c";
    var mkdocs_page_input_path = "operations.md";
    var mkdocs_page_url = null;
  </script>
  
  <script src="../js/jquery-2.1.1.min.js" defer></script>
  <script src="../js/modernizr-2.8.3.min.js" defer></script>
  <script src="https://cdnjs.cloudflare.com/ajax/libs/highlight.js/9.12.0/highlight.min.js"></script>
  <script>hljs.initHighlightingOnLoad();</script> 
  
</head>

<body class="wy-body-for-nav" role="document">

  <div class="wy-grid-for-nav">

    
    <nav data-toggle="wy-nav-shift" class="wy-nav-side stickynav">
    <div class="wy-side-scroll">
      <div class="wy-side-nav-search">
        <a href=".." class="icon icon-home"> PG-Strom Manual</a>
        <div role="search">
  <form id ="rtd-search-form" class="wy-form" action="../search.html" method="get">
    <input type="text" name="q" placeholder="Search docs" />
  </form>
  [<strong>Japanese</strong> | <a href="../../operations/"    style="color: #cccccc">English</a>]
</div>
      </div>

      <div class="wy-menu wy-menu-vertical" data-spy="affix" role="navigation" aria-label="main navigation">
                <ul>
                    <li class="toctree-l1"><a class="reference internal" href="..">はじめに</a>
                    </li>
                </ul>
                <ul>
                    <li class="toctree-l1"><a class="reference internal" href="../install/">インストール</a>
                    </li>
                </ul>
                <p class="caption"><span class="caption-text">利用ガイド</span></p>
                <ul class="current">
                    <li class="toctree-l1 current"><a class="reference internal current" href="./">基本的な操作</a>
    <ul class="current">
    <li class="toctree-l2"><a class="reference internal" href="#gpu">GPUオフロードの確認</a>
    </li>
    <li class="toctree-l2"><a class="reference internal" href="#cpugpu">CPU+GPUハイブリッド並列</a>
    </li>
    <li class="toctree-l2"><a class="reference internal" href="#_2">下位プランの引き上げ</a>
    </li>
    <li class="toctree-l2"><a class="reference internal" href="#_3">ナレッジベース</a>
    </li>
    </ul>
                    </li>
                    <li class="toctree-l1"><a class="reference internal" href="../brin/">BRINインデックス</a>
                    </li>
                    <li class="toctree-l1"><a class="reference internal" href="../partition/">パーティション</a>
                    </li>
                    <li class="toctree-l1"><a class="reference internal" href="../postgis/">GPU版PostGIS</a>
                    </li>
                    <li class="toctree-l1"><a class="reference internal" href="../troubles/">トラブルシューティング</a>
                    </li>
                </ul>
                <p class="caption"><span class="caption-text">先進機能</span></p>
                <ul>
                    <li class="toctree-l1"><a class="reference internal" href="../ssd2gpu/">GPUダイレクトSQL</a>
                    </li>
                    <li class="toctree-l1"><a class="reference internal" href="../arrow_fdw/">Apache Arrow</a>
                    </li>
                    <li class="toctree-l1"><a class="reference internal" href="../gpucache/">GPUキャッシュ</a>
                    </li>
                </ul>
                <p class="caption"><span class="caption-text">リファレンス</span></p>
                <ul>
                    <li class="toctree-l1"><a class="reference internal" href="../ref_types/">データ型</a>
                    </li>
                    <li class="toctree-l1"><a class="reference internal" href="../ref_devfuncs/">関数と演算子</a>
                    </li>
                    <li class="toctree-l1"><a class="reference internal" href="../ref_sqlfuncs/">SQLオブジェクト</a>
                    </li>
                    <li class="toctree-l1"><a class="reference internal" href="../ref_params/">GUCパラメータ</a>
                    </li>
                </ul>
                <p class="caption"><span class="caption-text">リリースノート</span></p>
                <ul>
                    <li class="toctree-l1"><a class="reference internal" href="../release_v3.0/">PG-Strom v3.0</a>
                    </li>
                    <li class="toctree-l1"><a class="reference internal" href="../release_v2.3/">PG-Strom v2.3</a>
                    </li>
                    <li class="toctree-l1"><a class="reference internal" href="../release_v2.2/">PG-Strom v2.2</a>
                    </li>
                    <li class="toctree-l1"><a class="reference internal" href="../release_v2.0/">PG-Strom v2.0</a>
                    </li>
                </ul>
      </div>
    </div>
    </nav>

    <section data-toggle="wy-nav-shift" class="wy-nav-content-wrap">

      
      <nav class="wy-nav-top" role="navigation" aria-label="top navigation">
        <i data-toggle="wy-nav-top" class="fa fa-bars"></i>
        <a href="..">PG-Strom Manual</a>
      </nav>

      
      <div class="wy-nav-content">
        <div class="rst-content">
          <div role="navigation" aria-label="breadcrumbs navigation">
  <ul class="wy-breadcrumbs">
    <li><a href="..">Docs</a> &raquo;</li>
    
      
        
          <li>利用ガイド &raquo;</li>
        
      
    
    <li>基本的な操作</li>
    <li class="wy-breadcrumbs-aside">
      
    </li>
  </ul>
  
  <hr/>
</div>
          <div role="main">
            <div class="section">
              
                <h1 id="_1">基本的な操作</h1>
<h2 id="gpu">GPUオフロードの確認</h2>
<p>クエリがGPUで実行されるかどうかを確認するには<code>EXPLAIN</code>コマンドを使用します。
SQL処理は内部的にいくつかの要素に分解され処理されますが、PG-StromがGPUを適用して並列処理を行うのはSCAN、JOIN、GROUP BYの各ワークロードです。標準でPostgreSQLが提供している各処理の代わりに、GpuScan、GpuJoin、GpuPreAggが表示された場合、そのクエリはGPUによって処理される事となります。</p>
<p>以下は<code>EXPLAIN</code>コマンドの実行例です。</p>
<pre><code>postgres=# EXPLAIN SELECT cat,count(*),avg(ax)
                     FROM t0 NATURAL JOIN t1 NATURAL JOIN t2
                    GROUP BY cat;
                                  QUERY PLAN
--------------------------------------------------------------------------------
 GroupAggregate  (cost=989186.82..989190.94 rows=27 width=20)
   Group Key: t0.cat
   -&gt;  Sort  (cost=989186.82..989187.29 rows=189 width=44)
         Sort Key: t0.cat
         -&gt;  Custom Scan (GpuPreAgg)  (cost=989175.89..989179.67 rows=189 width=44)
               Reduction: Local
               GPU Projection: cat, pgstrom.nrows(), pgstrom.nrows((ax IS NOT NULL)), pgstrom.psum(ax)
               Combined GpuJoin: enabled
               -&gt;  Custom Scan (GpuJoin) on t0  (cost=14744.40..875804.46 rows=99996736 width=12)
                     GPU Projection: t0.cat, t1.ax
                     Outer Scan: t0  (cost=0.00..1833360.36 rows=99996736 width=12)
                     Depth 1: GpuHashJoin  (nrows 99996736...99996736)
                              HashKeys: t0.aid
                              JoinQuals: (t0.aid = t1.aid)
                              KDS-Hash (size: 10.39MB)
                     Depth 2: GpuHashJoin  (nrows 99996736...99996736)
                              HashKeys: t0.bid
                              JoinQuals: (t0.bid = t2.bid)
                              KDS-Hash (size: 10.78MB)
                     -&gt;  Seq Scan on t1  (cost=0.00..1972.85 rows=103785 width=12)
                     -&gt;  Seq Scan on t2  (cost=0.00..1935.00 rows=100000 width=4)
(21 rows)
</code></pre>
<p>実行計画の中に見慣れない処理が含まれている事に気が付かれたでしょう。
CustomScan機構を用いてGpuJoinおよびGpuPreAggが実装されています。ここでGpuJoinは<code>t0</code>と<code>t1</code>、および<code>t2</code>とのJOIN処理を実行し、その結果を受け取るGpuPreAggは列<code>cat</code>によるGROUP BY処理をGPUで実行します。</p>
<p>PostgreSQLがクエリ実行計画を構築する過程でPG-Stromはオプティマイザに介入し、SCAN、JOIN、GROUP BYの各ワークロードをGPUで実行可能である場合、そのコストを算出してPostgreSQLのオプティマイザに実行計画の候補を提示します。
推定されたコスト値がCPUで実行する他の実行計画よりも小さな値である場合、GPUを用いた代替の実行計画が採用される事になります。</p>
<p>ワークロードをGPUで実行するためには、少なくとも演算式または関数、および使用されているデータ型がPG-Stromでサポートされている必要があります。
<code>int</code>や<code>float</code>といった数値型、<code>date</code>や<code>timestamp</code>といった日付時刻型、<code>text</code>のような文字列型がサポートされており、また、四則演算や大小比較といった数多くのビルトイン演算子がサポートされています。
詳細な一覧に関しては<a href="../ref_devfuncs/">リファレンス</a>を参照してください。</p>
<h2 id="cpugpu">CPU+GPUハイブリッド並列</h2>
<p>PG-StromはPostgreSQLのCPU並列実行に対応しています。</p>
<p>PostgreSQLのCPU並列実行は、Gatherノードがいくつかのバックグラウンドワーカプロセスを起動し、各バックグラウンドワーカが"部分的に"実行したクエリの結果を後で結合する形で実装されています。
GpuJoinやGpuPreAggといったPG-Stromの処理はバックグラウンドワーカ側での実行に対応しており、個々のプロセスが互いにGPUを使用して処理を進めます。通常、GPUへデータを供給するために個々のCPUコアがバッファをセットアップするための処理速度は、GPUでのSQLワークロードの処理速度に比べてずっと遅いため、CPU並列とGPU並列をハイブリッドで利用する事で処理速度の向上が期待できます。
ただし、GPUを利用するために必要なCUDAコンテキストは各プロセスごとに作成され、CUDAコンテキストを生成するたびにある程度のGPUリソースが消費されるため、常にCPU並列度が高ければ良いという訳ではありません。</p>
<p>以下の実行計画を見てください。
Gather以下の実行計画はバックグラウンドワーカーが実行可能なものです。1億行を保持する<code>t0</code>テーブルを4プロセスのバックグラウンドワーカとコーディネータプロセスでスキャンするため、プロセスあたり2000万行をGpuJoinおよびGpuPreAggで処理し、その結果をGatherノードで結合します。</p>
<pre><code># EXPLAIN SELECT cat,count(*),avg(ax)
            FROM t0 NATURAL JOIN t1
           GROUP by cat;
                                   QUERY PLAN
--------------------------------------------------------------------------------
 GroupAggregate  (cost=955705.47..955720.93 rows=27 width=20)
   Group Key: t0.cat
   -&gt;  Sort  (cost=955705.47..955707.36 rows=756 width=44)
         Sort Key: t0.cat
         -&gt;  Gather  (cost=955589.95..955669.33 rows=756 width=44)
               Workers Planned: 4
               -&gt;  Parallel Custom Scan (GpuPreAgg)  (cost=954589.95..954593.73 rows=189 width=44)
                     Reduction: Local
                     GPU Projection: cat, pgstrom.nrows(), pgstrom.nrows((ax IS NOT NULL)), pgstrom.psum(ax)
                     Combined GpuJoin: enabled
                     -&gt;  Parallel Custom Scan (GpuJoin) on t0  (cost=27682.82..841218.52 rows=99996736 width=12)
                           GPU Projection: t0.cat, t1.ax
                           Outer Scan: t0  (cost=0.00..1083384.84 rows=24999184 width=8)
                           Depth 1: GpuHashJoin  (nrows 24999184...99996736)
                                    HashKeys: t0.aid
                                    JoinQuals: (t0.aid = t1.aid)
                                    KDS-Hash (size: 10.39MB)
                           -&gt;  Seq Scan on t1  (cost=0.00..1972.85 rows=103785 width=12)
(18 rows)
</code></pre>
<h2 id="_2">下位プランの引き上げ</h2>
<p>PG-StromはSCAN、JOIN、GROUP BYの各処理をGPUで実行する事が可能ですが、これに対応するPostgreSQL標準の処理を単純に置き換えただけでは困った事態が発生します。
SCANが終わった後のデータをいったんホスト側のバッファに書き戻し、次にそれをJOINするために再びGPUへとコピーし、さらにGROUP BYを実行する前に再びホスト側のバッファに書き戻し・・・といった形で、CPUとGPUの間でデータのピンポンが発生してしまうのです。</p>
<p>これを避けるために、PG-Stromは下位プランを引き上げて一度のGPU Kernelの実行で処理してしまうというモードを持っています。
以下のパターンで下位プランの引き上げが発生する可能性があります。</p>
<ul>
<li>SCAN + JOIN</li>
<li>SCAN + GROUP BY</li>
<li>SCAN + JOIN + GROUP BY</li>
</ul>
<p><img alt="combined gpu kernel" src="../img/combined-kernel-overview.png" /></p>
<p>以下の実行計画は、下位プランの引き上げを全く行わないケースです。</p>
<p>GpuScanの実行結果をGpuJoinが受取り、さらにその実行結果をGpuPreAggが受け取って最終結果を生成する事が分かります。</p>
<pre><code># EXPLAIN SELECT cat,count(*),avg(ax)
            FROM t0 NATURAL JOIN t1
           WHERE aid &lt; bid
           GROUP BY cat;
                              QUERY PLAN

--------------------------------------------------------------------------------
 GroupAggregate  (cost=1239991.03..1239995.15 rows=27 width=20)
   Group Key: t0.cat
   -&gt;  Sort  (cost=1239991.03..1239991.50 rows=189 width=44)
         Sort Key: t0.cat
         -&gt;  Custom Scan (GpuPreAgg)  (cost=1239980.10..1239983.88 rows=189 width=44)
               Reduction: Local
               GPU Projection: cat, pgstrom.nrows(), pgstrom.nrows((ax IS NOT NULL)), pgstrom.psum(ax)
               -&gt;  Custom Scan (GpuJoin)  (cost=50776.43..1199522.96 rows=33332245 width=12)
                     GPU Projection: t0.cat, t1.ax
                     Depth 1: GpuHashJoin  (nrows 33332245...33332245)
                              HashKeys: t0.aid
                              JoinQuals: (t0.aid = t1.aid)
                              KDS-Hash (size: 10.39MB)
                     -&gt;  Custom Scan (GpuScan) on t0  (cost=12634.49..1187710.85 rows=33332245 width=8)
                           GPU Projection: cat, aid
                           GPU Filter: (aid &lt; bid)
                     -&gt;  Seq Scan on t1  (cost=0.00..1972.85 rows=103785 width=12)
(18 rows)
</code></pre>
<p>この場合、各実行ステージにおいてGPUとホストバッファの間でデータのピンポンが発生するため、実行効率はよくありません。</p>
<p>一方、以下の実行計画は、下位ノードの引き上げを行ったものです。</p>
<pre><code># EXPLAIN ANALYZE SELECT cat,count(*),avg(ax)
                    FROM t0 NATURAL JOIN t1
                   WHERE aid &lt; bid
                   GROUP BY cat;
                              QUERY PLAN
--------------------------------------------------------------------------------
 GroupAggregate  (cost=903669.50..903673.62 rows=27 width=20)
                 (actual time=7761.630..7761.644 rows=27 loops=1)
   Group Key: t0.cat
   -&gt;  Sort  (cost=903669.50..903669.97 rows=189 width=44)
             (actual time=7761.621..7761.626 rows=27 loops=1)
         Sort Key: t0.cat
         Sort Method: quicksort  Memory: 28kB
         -&gt;  Custom Scan (GpuPreAgg)  (cost=903658.57..903662.35 rows=189 width=44)
                                      (actual time=7761.531..7761.540 rows=27 loops=1)
               Reduction: Local
               GPU Projection: cat, pgstrom.nrows(), pgstrom.nrows((ax IS NOT NULL)), pgstrom.psum(ax)
               Combined GpuJoin: enabled
               -&gt;  Custom Scan (GpuJoin) on t0  (cost=12483.41..863201.43 rows=33332245 width=12)
                                                (never executed)
                     GPU Projection: t0.cat, t1.ax
                     Outer Scan: t0  (cost=12634.49..1187710.85 rows=33332245 width=8)
                                     (actual time=59.623..5557.052 rows=100000000 loops=1)
                     Outer Scan Filter: (aid &lt; bid)
                     Rows Removed by Outer Scan Filter: 50002874
                     Depth 1: GpuHashJoin  (plan nrows: 33332245...33332245, actual nrows: 49997126...49997126)
                              HashKeys: t0.aid
                              JoinQuals: (t0.aid = t1.aid)
                              KDS-Hash (size plan: 10.39MB, exec: 64.00MB)
                     -&gt;  Seq Scan on t1  (cost=0.00..1972.85 rows=103785 width=12)
                                         (actual time=0.013..15.303 rows=100000 loops=1)
 Planning time: 0.506 ms
 Execution time: 8495.391 ms
(21 rows)
</code></pre>
<p>まず、テーブル<code>t0</code>へのスキャンがGpuJoinの実行計画に埋め込まれ、GpuScanが消えている事にお気付きでしょう。
これはGpuJoinが配下のGpuScanを引き上げ、一体化したGPUカーネル関数でWHERE句の処理も行った事を意味しています。</p>
<p>加えて奇妙なことに、<code>EXPLAIN ANALYZE</code>の結果にはGpuJoinが(never executed)と表示されています。
これはGpuPreAggが配下のGpuJoinを引き上げ、一体化したGPUカーネル関数でJOINとGROUP BYを実行した事を意味しています。</p>
<p>SCAN処理の引き上げは<code>pg_strom.pullup_outer_scan</code>パラメータによって制御できます。
また、JOIN処理の引き上げは<code>pg_strom.pullup_outer_join</code>パラメータによって制御できます。
いずれのパラメータもデフォルトでは<code>on</code>に設定されており、通常はこれを無効化する必要はありませんが、トラブル時の問題切り分け手段の一つとして利用する事ができます。</p>
<h2 id="_3">ナレッジベース</h2>
<p>PG-Stromプロジェクトのwikiサイトには、ノートと呼ばれる詳細な技術情報が公開されています。</p>
<p><a href="https://github.com/heterodb/pg-strom/wiki">https://github.com/heterodb/pg-strom/wiki</a></p>
              
            </div>
          </div>
          <footer>
  
    <div class="rst-footer-buttons" role="navigation" aria-label="footer navigation">
      
        <a href="../brin/" class="btn btn-neutral float-right" title="BRINインデックス">Next <span class="icon icon-circle-arrow-right"></span></a>
      
      
        <a href="../install/" class="btn btn-neutral" title="インストール"><span class="icon icon-circle-arrow-left"></span> Previous</a>
      
    </div>
  

  <hr/>

  <div role="contentinfo">
    <!-- Copyright etc -->
    
  </div>

  Built with <a href="https://www.mkdocs.org/">MkDocs</a> using a <a href="https://github.com/snide/sphinx_rtd_theme">theme</a> provided by <a href="https://readthedocs.org">Read the Docs</a>.
</footer>
      
        </div>
      </div>

    </section>

  </div>

  <div class="rst-versions" role="note" aria-label="versions">
    <span class="rst-current-version" data-toggle="rst-current-version">
      
      
        <span><a href="../install/" style="color: #fcfcfc;">&laquo; Previous</a></span>
      
      
        <span style="margin-left: 15px"><a href="../brin/" style="color: #fcfcfc">Next &raquo;</a></span>
      
    </span>
</div>
    <script>var base_url = '..';</script>
    <script src="../js/theme.js" defer></script>
      <script src="../search/main.js" defer></script>
    <script defer>
        window.onload = function () {
            SphinxRtdTheme.Navigation.enable(true);
        };
    </script>

</body>
</html>
